# JRE version: Java(TM) SE Runtime Environment (21.0.1+12) (build 21.0.1+12-LTS-29)
# Java VM: Java HotSpot(TM) 64-Bit Server VM (21.0.1+12-LTS-29, mixed mode, sharing, tiered, compressed oops, compressed class ptrs, g1 gc, windows-amd64)
GC Precious Log:
 CardTable entry size: 512
 Card Set container configuration: InlinePtr #cards 5 size 8 Array Of Cards #cards 12 size 40 Howl #buckets 4 coarsen threshold 1843 Howl Bitmap #cards 512 size 80 coarsen threshold 460 Card regions per heap region 1 cards per card region 2048
 CPUs: 4 total, 4 available
 Memory: 3993M
 Large Page Support: Disabled
 NUMA Support: Disabled
 Compressed Oops: Enabled (32-bit)
 Heap Region Size: 1M
 Heap Min Capacity: 8M
 Heap Initial Capacity: 64M
 Heap Max Capacity: 1000M
 Pre-touch: Disabled
 Parallel Workers: 4
 Concurrent Workers: 1
 Concurrent Refinement Workers: 4
 Periodic GC: Disabled
Heap:
 garbage-first heap   total 317440K, used 210760K [0x00000000c1800000, 0x0000000100000000)
  region size 1024K, 2 young (2048K), 1 survivors (1024K)
 Metaspace       used 7320K, committed 7552K, reserved 1114112K
  class space    used 717K, committed 832K, reserved 1048576K
GC Heap History (20 events):
Event: 3.093 GC heap before
{Heap before GC invocations=21 (full 0):
 garbage-first heap   total 164864K, used 73473K [0x00000000c1800000, 0x0000000100000000)
  region size 1024K, 3 young (3072K), 1 survivors (1024K)
 Metaspace       used 7212K, committed 7424K, reserved 1114112K
  class space    used 728K, committed 832K, reserved 1048576K
}
Event: 3.093 GC heap after
{Heap after GC invocations=22 (full 0):
 garbage-first heap   total 164864K, used 70392K [0x00000000c1800000, 0x0000000100000000)
  region size 1024K, 1 young (1024K), 1 survivors (1024K)
 Metaspace       used 7212K, committed 7424K, reserved 1114112K
  class space    used 728K, committed 832K, reserved 1048576K
}
Event: 3.108 GC heap before
{Heap before GC invocations=22 (full 0):
 garbage-first heap   total 164864K, used 74488K [0x00000000c1800000, 0x0000000100000000)
  region size 1024K, 3 young (3072K), 1 survivors (1024K)
 Metaspace       used 7246K, committed 7424K, reserved 1114112K
  class space    used 728K, committed 832K, reserved 1048576K
}
Event: 3.109 GC heap after
{Heap after GC invocations=23 (full 0):
 garbage-first heap   total 164864K, used 44808K [0x00000000c1800000, 0x0000000100000000)
  region size 1024K, 1 young (1024K), 1 survivors (1024K)
 Metaspace       used 7246K, committed 7424K, reserved 1114112K
  class space    used 728K, committed 832K, reserved 1048576K
}
Event: 3.290 GC heap before
{Heap before GC invocations=23 (full 0):
 garbage-first heap   total 164864K, used 73480K [0x00000000c1800000, 0x0000000100000000)
  region size 1024K, 3 young (3072K), 1 survivors (1024K)
 Metaspace       used 7266K, committed 7424K, reserved 1114112K
  class space    used 728K, committed 832K, reserved 1048576K
}
Event: 3.292 GC heap after
{Heap after GC invocations=24 (full 0):
 garbage-first heap   total 164864K, used 69400K [0x00000000c1800000, 0x0000000100000000)
  region size 1024K, 1 young (1024K), 1 survivors (1024K)
 Metaspace       used 7266K, committed 7424K, reserved 1114112K
  class space    used 728K, committed 832K, reserved 1048576K
}
Event: 3.305 GC heap before
{Heap before GC invocations=24 (full 0):
 garbage-first heap   total 164864K, used 73496K [0x00000000c1800000, 0x0000000100000000)
  region size 1024K, 3 young (3072K), 1 survivors (1024K)
 Metaspace       used 7267K, committed 7424K, reserved 1114112K
  class space    used 728K, committed 832K, reserved 1048576K
}
Event: 3.307 GC heap after
{Heap after GC invocations=25 (full 0):
 garbage-first heap   total 164864K, used 44848K [0x00000000c1800000, 0x0000000100000000)
  region size 1024K, 1 young (1024K), 1 survivors (1024K)
 Metaspace       used 7267K, committed 7424K, reserved 1114112K
  class space    used 728K, committed 832K, reserved 1048576K
}
Event: 3.499 GC heap before
{Heap before GC invocations=25 (full 0):
 garbage-first heap   total 164864K, used 75568K [0x00000000c1800000, 0x0000000100000000)
  region size 1024K, 3 young (3072K), 1 survivors (1024K)
 Metaspace       used 7274K, committed 7488K, reserved 1114112K
  class space    used 728K, committed 832K, reserved 1048576K
}
Event: 3.503 GC heap after
{Heap after GC invocations=26 (full 0):
 garbage-first heap   total 317440K, used 71440K [0x00000000c1800000, 0x0000000100000000)
  region size 1024K, 1 young (1024K), 1 survivors (1024K)
 Metaspace       used 7274K, committed 7488K, reserved 1114112K
  class space    used 728K, committed 832K, reserved 1048576K
}
Event: 5526.020 GC heap before
{Heap before GC invocations=26 (full 0):
 garbage-first heap   total 317440K, used 143120K [0x00000000c1800000, 0x0000000100000000)
  region size 1024K, 4 young (4096K), 1 survivors (1024K)
 Metaspace       used 7371K, committed 7552K, reserved 1114112K
  class space    used 731K, committed 832K, reserved 1048576K
}
Event: 5526.093 GC heap after
{Heap after GC invocations=27 (full 0):
 garbage-first heap   total 317440K, used 112428K [0x00000000c1800000, 0x0000000100000000)
  region size 1024K, 1 young (1024K), 1 survivors (1024K)
 Metaspace       used 7371K, committed 7552K, reserved 1114112K
  class space    used 731K, committed 832K, reserved 1048576K
}
Event: 5529.653 GC heap before
{Heap before GC invocations=27 (full 0):
 garbage-first heap   total 317440K, used 144172K [0x00000000c1800000, 0x0000000100000000)
  region size 1024K, 3 young (3072K), 1 survivors (1024K)
 Metaspace       used 7371K, committed 7552K, reserved 1114112K
  class space    used 731K, committed 832K, reserved 1048576K
}
Event: 5529.654 GC heap after
{Heap after GC invocations=28 (full 0):
 garbage-first heap   total 317440K, used 143150K [0x00000000c1800000, 0x0000000100000000)
  region size 1024K, 1 young (1024K), 1 survivors (1024K)
 Metaspace       used 7371K, committed 7552K, reserved 1114112K
  class space    used 731K, committed 832K, reserved 1048576K
}
Event: 5529.885 GC heap before
{Heap before GC invocations=29 (full 0):
 garbage-first heap   total 317440K, used 154414K [0x00000000c1800000, 0x0000000100000000)
  region size 1024K, 2 young (2048K), 1 survivors (1024K)
 Metaspace       used 7319K, committed 7552K, reserved 1114112K
  class space    used 716K, committed 832K, reserved 1048576K
}
Event: 5529.886 GC heap after
{Heap after GC invocations=30 (full 0):
 garbage-first heap   total 317440K, used 154416K [0x00000000c1800000, 0x0000000100000000)
  region size 1024K, 1 young (1024K), 1 survivors (1024K)
 Metaspace       used 7319K, committed 7552K, reserved 1114112K
  class space    used 716K, committed 832K, reserved 1048576K
}
Event: 5530.203 GC heap before
{Heap before GC invocations=31 (full 0):
 garbage-first heap   total 317440K, used 165680K [0x00000000c1800000, 0x0000000100000000)
  region size 1024K, 2 young (2048K), 1 survivors (1024K)
 Metaspace       used 7320K, committed 7552K, reserved 1114112K
  class space    used 717K, committed 832K, reserved 1048576K
}
Event: 5530.204 GC heap after
{Heap after GC invocations=32 (full 0):
 garbage-first heap   total 317440K, used 165710K [0x00000000c1800000, 0x0000000100000000)
  region size 1024K, 1 young (1024K), 1 survivors (1024K)
 Metaspace       used 7320K, committed 7552K, reserved 1114112K
  class space    used 717K, committed 832K, reserved 1048576K
}
Event: 5530.230 GC heap before
{Heap before GC invocations=33 (full 0):
 garbage-first heap   total 317440K, used 194382K [0x00000000c1800000, 0x0000000100000000)
  region size 1024K, 3 young (3072K), 1 survivors (1024K)
 Metaspace       used 7320K, committed 7552K, reserved 1114112K
  class space    used 717K, committed 832K, reserved 1048576K
}
Event: 5530.230 GC heap after
{Heap after GC invocations=34 (full 0):
 garbage-first heap   total 317440K, used 193352K [0x00000000c1800000, 0x0000000100000000)
  region size 1024K, 1 young (1024K), 1 survivors (1024K)
 Metaspace       used 7320K, committed 7552K, reserved 1114112K
  class space    used 717K, committed 832K, reserved 1048576K
}

