# JRE version: Java(TM) SE Runtime Environment (21.0.1+12) (build 21.0.1+12-LTS-29)
# Java VM: Java HotSpot(TM) 64-Bit Server VM (21.0.1+12-LTS-29, mixed mode, sharing, tiered, compressed oops, compressed class ptrs, g1 gc, windows-amd64)
GC Precious Log:
 CardTable entry size: 512
 Card Set container configuration: InlinePtr #cards 5 size 8 Array Of Cards #cards 12 size 40 Howl #buckets 4 coarsen threshold 1843 Howl Bitmap #cards 512 size 80 coarsen threshold 460 Card regions per heap region 1 cards per card region 2048
 CPUs: 4 total, 4 available
 Memory: 3993M
 Large Page Support: Disabled
 NUMA Support: Disabled
 Compressed Oops: Enabled (32-bit)
 Heap Region Size: 1M
 Heap Min Capacity: 8M
 Heap Initial Capacity: 64M
 Heap Max Capacity: 1000M
 Pre-touch: Disabled
 Parallel Workers: 4
 Concurrent Workers: 1
 Concurrent Refinement Workers: 4
 Periodic GC: Disabled
Heap:
 garbage-first heap   total 99328K, used 68781K [0x00000000c1800000, 0x0000000100000000)
  region size 1024K, 4 young (4096K), 3 survivors (3072K)
 Metaspace       used 10105K, committed 10432K, reserved 1114112K
  class space    used 1075K, committed 1216K, reserved 1048576K
GC Heap History (16 events):
Event: 0.398 GC heap before
{Heap before GC invocations=0 (full 0):
 garbage-first heap   total 65536K, used 7168K [0x00000000c1800000, 0x0000000100000000)
  region size 1024K, 8 young (8192K), 0 survivors (0K)
 Metaspace       used 4717K, committed 4928K, reserved 1114112K
  class space    used 485K, committed 640K, reserved 1048576K
}
Event: 0.403 GC heap after
{Heap after GC invocations=1 (full 0):
 garbage-first heap   total 65536K, used 2524K [0x00000000c1800000, 0x0000000100000000)
  region size 1024K, 2 young (2048K), 2 survivors (2048K)
 Metaspace       used 4717K, committed 4928K, reserved 1114112K
  class space    used 485K, committed 640K, reserved 1048576K
}
Event: 0.641 GC heap before
{Heap before GC invocations=1 (full 0):
 garbage-first heap   total 65536K, used 45532K [0x00000000c1800000, 0x0000000100000000)
  region size 1024K, 13 young (13312K), 2 survivors (2048K)
 Metaspace       used 4839K, committed 5056K, reserved 1114112K
  class space    used 491K, committed 640K, reserved 1048576K
}
Event: 0.646 GC heap after
{Heap after GC invocations=2 (full 0):
 garbage-first heap   total 65536K, used 35682K [0x00000000c1800000, 0x0000000100000000)
  region size 1024K, 1 young (1024K), 1 survivors (1024K)
 Metaspace       used 4839K, committed 5056K, reserved 1114112K
  class space    used 491K, committed 640K, reserved 1048576K
}
Event: 0.710 GC heap before
{Heap before GC invocations=2 (full 0):
 garbage-first heap   total 65536K, used 55138K [0x00000000c1800000, 0x0000000100000000)
  region size 1024K, 21 young (21504K), 1 survivors (1024K)
 Metaspace       used 4839K, committed 5056K, reserved 1114112K
  class space    used 491K, committed 640K, reserved 1048576K
}
Event: 0.711 GC heap after
{Heap after GC invocations=3 (full 0):
 garbage-first heap   total 65536K, used 35469K [0x00000000c1800000, 0x0000000100000000)
  region size 1024K, 1 young (1024K), 1 survivors (1024K)
 Metaspace       used 4839K, committed 5056K, reserved 1114112K
  class space    used 491K, committed 640K, reserved 1048576K
}
Event: 0.769 GC heap before
{Heap before GC invocations=4 (full 0):
 garbage-first heap   total 65536K, used 45709K [0x00000000c1800000, 0x0000000100000000)
  region size 1024K, 13 young (13312K), 1 survivors (1024K)
 Metaspace       used 4849K, committed 5056K, reserved 1114112K
  class space    used 493K, committed 640K, reserved 1048576K
}
Event: 0.770 GC heap after
{Heap after GC invocations=5 (full 0):
 garbage-first heap   total 65536K, used 35457K [0x00000000c1800000, 0x0000000100000000)
  region size 1024K, 1 young (1024K), 1 survivors (1024K)
 Metaspace       used 4849K, committed 5056K, reserved 1114112K
  class space    used 493K, committed 640K, reserved 1048576K
}
Event: 1.391 GC heap before
{Heap before GC invocations=6 (full 0):
 garbage-first heap   total 71680K, used 47745K [0x00000000c1800000, 0x0000000100000000)
  region size 1024K, 9 young (9216K), 1 survivors (1024K)
 Metaspace       used 7346K, committed 7552K, reserved 1114112K
  class space    used 782K, committed 896K, reserved 1048576K
}
Event: 1.392 GC heap after
{Heap after GC invocations=7 (full 0):
 garbage-first heap   total 86016K, used 40906K [0x00000000c1800000, 0x0000000100000000)
  region size 1024K, 1 young (1024K), 1 survivors (1024K)
 Metaspace       used 7346K, committed 7552K, reserved 1114112K
  class space    used 782K, committed 896K, reserved 1048576K
}
Event: 4.486 GC heap before
{Heap before GC invocations=8 (full 0):
 garbage-first heap   total 86016K, used 50122K [0x00000000c1800000, 0x0000000100000000)
  region size 1024K, 3 young (3072K), 1 survivors (1024K)
 Metaspace       used 7984K, committed 8256K, reserved 1114112K
  class space    used 883K, committed 1024K, reserved 1048576K
}
Event: 4.492 GC heap after
{Heap after GC invocations=9 (full 0):
 garbage-first heap   total 86016K, used 49209K [0x00000000c1800000, 0x0000000100000000)
  region size 1024K, 1 young (1024K), 1 survivors (1024K)
 Metaspace       used 7984K, committed 8256K, reserved 1114112K
  class space    used 883K, committed 1024K, reserved 1048576K
}
Event: 14851.158 GC heap before
{Heap before GC invocations=10 (full 0):
 garbage-first heap   total 89088K, used 57401K [0x00000000c1800000, 0x0000000100000000)
  region size 1024K, 9 young (9216K), 1 survivors (1024K)
 Metaspace       used 10134K, committed 10368K, reserved 1114112K
  class space    used 1087K, committed 1216K, reserved 1048576K
}
Event: 14851.312 GC heap after
{Heap after GC invocations=11 (full 0):
 garbage-first heap   total 89088K, used 52261K [0x00000000c1800000, 0x0000000100000000)
  region size 1024K, 3 young (3072K), 3 survivors (3072K)
 Metaspace       used 10134K, committed 10368K, reserved 1114112K
  class space    used 1087K, committed 1216K, reserved 1048576K
}
Event: 14860.561 GC heap before
{Heap before GC invocations=12 (full 0):
 garbage-first heap   total 99328K, used 59429K [0x00000000c1800000, 0x0000000100000000)
  region size 1024K, 6 young (6144K), 3 survivors (3072K)
 Metaspace       used 10103K, committed 10432K, reserved 1114112K
  class space    used 1075K, committed 1216K, reserved 1048576K
}
Event: 14860.567 GC heap after
{Heap after GC invocations=13 (full 0):
 garbage-first heap   total 99328K, used 57517K [0x00000000c1800000, 0x0000000100000000)
  region size 1024K, 3 young (3072K), 3 survivors (3072K)
 Metaspace       used 10103K, committed 10432K, reserved 1114112K
  class space    used 1075K, committed 1216K, reserved 1048576K
}

