# JRE version: Java(TM) SE Runtime Environment (21.0.1+12) (build 21.0.1+12-LTS-29)
# Java VM: Java HotSpot(TM) 64-Bit Server VM (21.0.1+12-LTS-29, mixed mode, sharing, tiered, compressed oops, compressed class ptrs, g1 gc, windows-amd64)
GC Precious Log:
 CardTable entry size: 512
 Card Set container configuration: InlinePtr #cards 5 size 8 Array Of Cards #cards 12 size 40 Howl #buckets 4 coarsen threshold 1843 Howl Bitmap #cards 512 size 80 coarsen threshold 460 Card regions per heap region 1 cards per card region 2048
 CPUs: 4 total, 4 available
 Memory: 3993M
 Large Page Support: Disabled
 NUMA Support: Disabled
 Compressed Oops: Enabled (32-bit)
 Heap Region Size: 1M
 Heap Min Capacity: 8M
 Heap Initial Capacity: 64M
 Heap Max Capacity: 1000M
 Pre-touch: Disabled
 Parallel Workers: 4
 Concurrent Workers: 1
 Concurrent Refinement Workers: 4
 Periodic GC: Disabled
Heap:
 garbage-first heap   total 71680K, used 49070K [0x00000000c1800000, 0x0000000100000000)
  region size 1024K, 2 young (2048K), 1 survivors (1024K)
 Metaspace       used 7426K, committed 7616K, reserved 1114112K
  class space    used 787K, committed 896K, reserved 1048576K
GC Heap History (10 events):
Event: 0.679 GC heap before
{Heap before GC invocations=0 (full 0):
 garbage-first heap   total 65536K, used 6144K [0x00000000c1800000, 0x0000000100000000)
  region size 1024K, 7 young (7168K), 0 survivors (0K)
 Metaspace       used 4752K, committed 4992K, reserved 1114112K
  class space    used 485K, committed 640K, reserved 1048576K
}
Event: 0.686 GC heap after
{Heap after GC invocations=1 (full 0):
 garbage-first heap   total 65536K, used 2496K [0x00000000c1800000, 0x0000000100000000)
  region size 1024K, 2 young (2048K), 2 survivors (2048K)
 Metaspace       used 4752K, committed 4992K, reserved 1114112K
  class space    used 485K, committed 640K, reserved 1048576K
}
Event: 0.987 GC heap before
{Heap before GC invocations=1 (full 0):
 garbage-first heap   total 65536K, used 48576K [0x00000000c1800000, 0x0000000100000000)
  region size 1024K, 16 young (16384K), 2 survivors (2048K)
 Metaspace       used 4874K, committed 5120K, reserved 1114112K
  class space    used 491K, committed 640K, reserved 1048576K
}
Event: 0.991 GC heap after
{Heap after GC invocations=2 (full 0):
 garbage-first heap   total 65536K, used 35665K [0x00000000c1800000, 0x0000000100000000)
  region size 1024K, 1 young (1024K), 1 survivors (1024K)
 Metaspace       used 4874K, committed 5120K, reserved 1114112K
  class space    used 491K, committed 640K, reserved 1048576K
}
Event: 1.054 GC heap before
{Heap before GC invocations=2 (full 0):
 garbage-first heap   total 65536K, used 57169K [0x00000000c1800000, 0x0000000100000000)
  region size 1024K, 22 young (22528K), 1 survivors (1024K)
 Metaspace       used 4874K, committed 5120K, reserved 1114112K
  class space    used 491K, committed 640K, reserved 1048576K
}
Event: 1.055 GC heap after
{Heap after GC invocations=3 (full 0):
 garbage-first heap   total 65536K, used 35452K [0x00000000c1800000, 0x0000000100000000)
  region size 1024K, 1 young (1024K), 1 survivors (1024K)
 Metaspace       used 4874K, committed 5120K, reserved 1114112K
  class space    used 491K, committed 640K, reserved 1048576K
}
Event: 1.096 GC heap before
{Heap before GC invocations=4 (full 0):
 garbage-first heap   total 65536K, used 42620K [0x00000000c1800000, 0x0000000100000000)
  region size 1024K, 10 young (10240K), 1 survivors (1024K)
 Metaspace       used 4884K, committed 5120K, reserved 1114112K
  class space    used 493K, committed 640K, reserved 1048576K
}
Event: 1.097 GC heap after
{Heap after GC invocations=5 (full 0):
 garbage-first heap   total 65536K, used 35439K [0x00000000c1800000, 0x0000000100000000)
  region size 1024K, 1 young (1024K), 1 survivors (1024K)
 Metaspace       used 4884K, committed 5120K, reserved 1114112K
  class space    used 493K, committed 640K, reserved 1048576K
}
Event: 2.176 GC heap before
{Heap before GC invocations=6 (full 0):
 garbage-first heap   total 71680K, used 48751K [0x00000000c1800000, 0x0000000100000000)
  region size 1024K, 10 young (10240K), 1 survivors (1024K)
 Metaspace       used 7394K, committed 7616K, reserved 1114112K
  class space    used 782K, committed 896K, reserved 1048576K
}
Event: 2.178 GC heap after
{Heap after GC invocations=7 (full 0):
 garbage-first heap   total 71680K, used 40878K [0x00000000c1800000, 0x0000000100000000)
  region size 1024K, 1 young (1024K), 1 survivors (1024K)
 Metaspace       used 7394K, committed 7616K, reserved 1114112K
  class space    used 782K, committed 896K, reserved 1048576K
}

