# JRE version: Java(TM) SE Runtime Environment (21.0.1+12) (build 21.0.1+12-LTS-29)
# Java VM: Java HotSpot(TM) 64-Bit Server VM (21.0.1+12-LTS-29, mixed mode, sharing, tiered, compressed oops, compressed class ptrs, g1 gc, windows-amd64)
GC Precious Log:
 CardTable entry size: 512
 Card Set container configuration: InlinePtr #cards 5 size 8 Array Of Cards #cards 12 size 40 Howl #buckets 4 coarsen threshold 1843 Howl Bitmap #cards 512 size 80 coarsen threshold 460 Card regions per heap region 1 cards per card region 2048
 CPUs: 4 total, 4 available
 Memory: 3993M
 Large Page Support: Disabled
 NUMA Support: Disabled
 Compressed Oops: Enabled (32-bit)
 Heap Region Size: 1M
 Heap Min Capacity: 8M
 Heap Initial Capacity: 64M
 Heap Max Capacity: 1000M
 Pre-touch: Disabled
 Parallel Workers: 4
 Concurrent Workers: 1
 Concurrent Refinement Workers: 4
 Periodic GC: Disabled
Heap:
 garbage-first heap   total 102400K, used 73534K [0x00000000c1800000, 0x0000000100000000)
  region size 1024K, 5 young (5120K), 4 survivors (4096K)
 Metaspace       used 18262K, committed 18432K, reserved 1114112K
  class space    used 1977K, committed 2048K, reserved 1048576K
GC Heap History (14 events):
Event: 0.434 GC heap before
{Heap before GC invocations=0 (full 0):
 garbage-first heap   total 65536K, used 6144K [0x00000000c1800000, 0x0000000100000000)
  region size 1024K, 7 young (7168K), 0 survivors (0K)
 Metaspace       used 4722K, committed 4928K, reserved 1114112K
  class space    used 485K, committed 640K, reserved 1048576K
}
Event: 0.439 GC heap after
{Heap after GC invocations=1 (full 0):
 garbage-first heap   total 65536K, used 2492K [0x00000000c1800000, 0x0000000100000000)
  region size 1024K, 2 young (2048K), 2 survivors (2048K)
 Metaspace       used 4722K, committed 4928K, reserved 1114112K
  class space    used 485K, committed 640K, reserved 1048576K
}
Event: 0.624 GC heap before
{Heap before GC invocations=1 (full 0):
 garbage-first heap   total 65536K, used 48572K [0x00000000c1800000, 0x0000000100000000)
  region size 1024K, 16 young (16384K), 2 survivors (2048K)
 Metaspace       used 4844K, committed 5056K, reserved 1114112K
  class space    used 491K, committed 640K, reserved 1048576K
}
Event: 0.628 GC heap after
{Heap after GC invocations=2 (full 0):
 garbage-first heap   total 65536K, used 35552K [0x00000000c1800000, 0x0000000100000000)
  region size 1024K, 1 young (1024K), 1 survivors (1024K)
 Metaspace       used 4844K, committed 5056K, reserved 1114112K
  class space    used 491K, committed 640K, reserved 1048576K
}
Event: 0.694 GC heap before
{Heap before GC invocations=2 (full 0):
 garbage-first heap   total 65536K, used 57056K [0x00000000c1800000, 0x0000000100000000)
  region size 1024K, 22 young (22528K), 1 survivors (1024K)
 Metaspace       used 4844K, committed 5056K, reserved 1114112K
  class space    used 491K, committed 640K, reserved 1048576K
}
Event: 0.695 GC heap after
{Heap after GC invocations=3 (full 0):
 garbage-first heap   total 65536K, used 35458K [0x00000000c1800000, 0x0000000100000000)
  region size 1024K, 1 young (1024K), 1 survivors (1024K)
 Metaspace       used 4844K, committed 5056K, reserved 1114112K
  class space    used 491K, committed 640K, reserved 1048576K
}
Event: 0.748 GC heap before
{Heap before GC invocations=4 (full 0):
 garbage-first heap   total 65536K, used 42626K [0x00000000c1800000, 0x0000000100000000)
  region size 1024K, 10 young (10240K), 1 survivors (1024K)
 Metaspace       used 4853K, committed 5056K, reserved 1114112K
  class space    used 493K, committed 640K, reserved 1048576K
}
Event: 0.748 GC heap after
{Heap after GC invocations=5 (full 0):
 garbage-first heap   total 65536K, used 35422K [0x00000000c1800000, 0x0000000100000000)
  region size 1024K, 1 young (1024K), 1 survivors (1024K)
 Metaspace       used 4853K, committed 5056K, reserved 1114112K
  class space    used 493K, committed 640K, reserved 1048576K
}
Event: 1.361 GC heap before
{Heap before GC invocations=6 (full 0):
 garbage-first heap   total 71680K, used 47710K [0x00000000c1800000, 0x0000000100000000)
  region size 1024K, 9 young (9216K), 1 survivors (1024K)
 Metaspace       used 7354K, committed 7552K, reserved 1114112K
  class space    used 780K, committed 896K, reserved 1048576K
}
Event: 1.364 GC heap after
{Heap after GC invocations=7 (full 0):
 garbage-first heap   total 71680K, used 40861K [0x00000000c1800000, 0x0000000100000000)
  region size 1024K, 1 young (1024K), 1 survivors (1024K)
 Metaspace       used 7354K, committed 7552K, reserved 1114112K
  class space    used 780K, committed 896K, reserved 1048576K
}
Event: 15266.226 GC heap before
{Heap before GC invocations=8 (full 0):
 garbage-first heap   total 86016K, used 69533K [0x00000000c1800000, 0x0000000100000000)
  region size 1024K, 23 young (23552K), 1 survivors (1024K)
 Metaspace       used 18265K, committed 18432K, reserved 1114112K
  class space    used 1987K, committed 2048K, reserved 1048576K
}
Event: 15266.465 GC heap after
{Heap after GC invocations=9 (full 0):
 garbage-first heap   total 86016K, used 54276K [0x00000000c1800000, 0x0000000100000000)
  region size 1024K, 4 young (4096K), 4 survivors (4096K)
 Metaspace       used 18265K, committed 18432K, reserved 1114112K
  class space    used 1987K, committed 2048K, reserved 1048576K
}
Event: 15271.235 GC heap before
{Heap before GC invocations=10 (full 0):
 garbage-first heap   total 102400K, used 63492K [0x00000000c1800000, 0x0000000100000000)
  region size 1024K, 9 young (9216K), 4 survivors (4096K)
 Metaspace       used 18262K, committed 18432K, reserved 1114112K
  class space    used 1977K, committed 2048K, reserved 1048576K
}
Event: 15271.247 GC heap after
{Heap after GC invocations=11 (full 0):
 garbage-first heap   total 102400K, used 62270K [0x00000000c1800000, 0x0000000100000000)
  region size 1024K, 4 young (4096K), 4 survivors (4096K)
 Metaspace       used 18262K, committed 18432K, reserved 1114112K
  class space    used 1977K, committed 2048K, reserved 1048576K
}

